[02-Jun-2022 12:28:13] NOTICE: fpm is running, pid 8
[02-Jun-2022 12:28:13] NOTICE: ready to handle connections
NOTICE: PHP message: Xdebug could not open the remote debug file '/var/log/xdebug.log'.
NOTICE: PHP message: PHP Warning:  require(/var/www/app/vendor/autoload.php): failed to open stream: No such file or directory in /var/www/app/public/index.php on line 8
NOTICE: PHP message: PHP Stack trace:
NOTICE: PHP message: PHP   1. {main}() /var/www/app/public/index.php:0
NOTICE: PHP message: PHP Fatal error:  require(): Failed opening required '/var/www/app/vendor/autoload.php' (include_path='.:/usr/local/lib/php') in /var/www/app/public/index.php on line 8
NOTICE: PHP message: PHP Stack trace:
NOTICE: PHP message: PHP   1. {main}() /var/www/app/public/index.php:0
172.18.0.3 -  02/Jun/2022:12:28:36 +0000 "GET /index.php" 200
NOTICE: PHP message: Xdebug could not open the remote debug file '/var/log/xdebug.log'.
NOTICE: PHP message: Xdebug could not open the remote debug file '/var/log/xdebug.log'.
172.18.0.3 -  02/Jun/2022:12:33:17 +0000 "GET /index.php" 500
NOTICE: PHP message: Xdebug could not open the remote debug file '/var/log/xdebug.log'.
NOTICE: PHP message: Xdebug could not open the remote debug file '/var/log/xdebug.log'.
NOTICE: PHP message: 2022-06-02T12:33:17+00:00 [info] User Deprecated: Method "Symfony\Component\HttpKernel\Bundle\Bundle::getContainerExtension()" might add "?ExtensionInterface" as a native return type declaration in the future. Do the same in child class "Doctrine\Bundle\MongoDBBundle\DoctrineMongoDBBundle" now to avoid errors or add an explicit @return annotation to suppress this message.
NOTICE: PHP message: 2022-06-02T12:33:17+00:00 [critical] Uncaught Exception: Unable to create the "cache" directory (/var/www/app/var/cache/dev).
[02-Jun-2022 15:46:15] NOTICE: fpm is running, pid 8
[02-Jun-2022 15:46:15] NOTICE: ready to handle connections
[02-Jun-2022 15:50:21] NOTICE: Terminating ...
[02-Jun-2022 15:50:21] NOTICE: exiting, bye-bye!
[02-Jun-2022 15:50:30] NOTICE: fpm is running, pid 8
[02-Jun-2022 15:50:30] NOTICE: ready to handle connections
[02-Jun-2022 15:52:35] NOTICE: Terminating ...
[02-Jun-2022 15:52:35] NOTICE: exiting, bye-bye!
[02-Jun-2022 15:52:46] NOTICE: fpm is running, pid 8
[02-Jun-2022 15:52:46] NOTICE: ready to handle connections
172.18.0.3 -  02/Jun/2022:15:52:51 +0000 "GET /index.php" 404
172.18.0.3 -  02/Jun/2022:15:52:54 +0000 "GET /index.php" 404
172.18.0.3 -  02/Jun/2022:15:52:55 +0000 "GET /index.php" 404
[02-Jun-2022 15:56:45] NOTICE: Terminating ...
[02-Jun-2022 15:56:45] NOTICE: exiting, bye-bye!
[02-Jun-2022 16:01:28] NOTICE: fpm is running, pid 9
[02-Jun-2022 16:01:28] NOTICE: ready to handle connections
[02-Jun-2022 16:04:26] NOTICE: Terminating ...
[02-Jun-2022 16:04:26] NOTICE: exiting, bye-bye!
[02-Jun-2022 16:05:10] NOTICE: fpm is running, pid 9
[02-Jun-2022 16:05:10] NOTICE: ready to handle connections
[02-Jun-2022 16:09:17] NOTICE: Terminating ...
[02-Jun-2022 16:09:17] NOTICE: exiting, bye-bye!
[02-Jun-2022 16:12:11] NOTICE: Terminating ...
[02-Jun-2022 16:12:11] NOTICE: exiting, bye-bye!
[02-Jun-2022 16:12:55] NOTICE: fpm is running, pid 8
[02-Jun-2022 16:12:55] NOTICE: ready to handle connections
NOTICE: PHP message: Xdebug could not open the remote debug file '/var/log/xdebug.log'.
NOTICE: PHP message: PHP Fatal error:  Composer detected issues in your platform: Your Composer dependencies require a PHP version ">= 8.1.0". You are running 7.4.29. in /var/www/app/vendor/composer/platform_check.php on line 24
NOTICE: PHP message: PHP Stack trace:
NOTICE: PHP message: PHP   1. {main}() /var/www/app/public/index.php:0
NOTICE: PHP message: PHP   2. require_once() /var/www/app/public/index.php:5
NOTICE: PHP message: PHP   3. require_once() /var/www/app/vendor/autoload_runtime.php:5
NOTICE: PHP message: PHP   4. ComposerAutoloaderInit5051b02005bdf049732c33f76c900a3b::getLoader() /var/www/app/vendor/autoload.php:7
NOTICE: PHP message: PHP   5. require() /var/www/app/vendor/composer/autoload_real.php:25
NOTICE: PHP message: PHP   6. trigger_error() /var/www/app/vendor/composer/platform_check.php:24
172.23.0.3 -  02/Jun/2022:16:13:01 +0000 "GET /index.php" 500
NOTICE: PHP message: Xdebug could not open the remote debug file '/var/log/xdebug.log'.
NOTICE: PHP message: PHP Fatal error:  Composer detected issues in your platform: Your Composer dependencies require a PHP version ">= 8.1.0". You are running 7.4.29. in /var/www/app/vendor/composer/platform_check.php on line 24
NOTICE: PHP message: PHP Stack trace:
NOTICE: PHP message: PHP   1. {main}() /var/www/app/public/index.php:0
NOTICE: PHP message: PHP   2. require_once() /var/www/app/public/index.php:5
NOTICE: PHP message: PHP   3. require_once() /var/www/app/vendor/autoload_runtime.php:5
NOTICE: PHP message: PHP   4. ComposerAutoloaderInit5051b02005bdf049732c33f76c900a3b::getLoader() /var/www/app/vendor/autoload.php:7
NOTICE: PHP message: PHP   5. require() /var/www/app/vendor/composer/autoload_real.php:25
NOTICE: PHP message: PHP   6. trigger_error() /var/www/app/vendor/composer/platform_check.php:24
172.23.0.3 -  02/Jun/2022:16:13:34 +0000 "GET /index.php" 500
NOTICE: PHP message: Xdebug could not open the remote debug file '/var/log/xdebug.log'.
NOTICE: PHP message: PHP Fatal error:  Composer detected issues in your platform: Your Composer dependencies require a PHP version ">= 8.1.0". You are running 7.4.29. in /var/www/app/vendor/composer/platform_check.php on line 24
NOTICE: PHP message: PHP Stack trace:
NOTICE: PHP message: PHP   1. {main}() /var/www/app/public/index.php:0
NOTICE: PHP message: PHP   2. require_once() /var/www/app/public/index.php:5
NOTICE: PHP message: PHP   3. require_once() /var/www/app/vendor/autoload_runtime.php:5
NOTICE: PHP message: PHP   4. ComposerAutoloaderInit5051b02005bdf049732c33f76c900a3b::getLoader() /var/www/app/vendor/autoload.php:7
NOTICE: PHP message: PHP   5. require() /var/www/app/vendor/composer/autoload_real.php:25
NOTICE: PHP message: PHP   6. trigger_error() /var/www/app/vendor/composer/platform_check.php:24
172.23.0.3 -  02/Jun/2022:16:18:29 +0000 "GET /index.php" 500
NOTICE: PHP message: Xdebug could not open the remote debug file '/var/log/xdebug.log'.
172.23.0.3 -  02/Jun/2022:16:19:42 +0000 "GET /index.php" 200
NOTICE: PHP message: PHP Parse error:  syntax error, unexpected 'static' (T_STATIC) in /var/www/app/vendor/symfony/dotenv/Dotenv.php on line 52
NOTICE: PHP message: Xdebug could not open the remote debug file '/var/log/xdebug.log'.
172.23.0.3 -  02/Jun/2022:16:19:50 +0000 "GET /index.php" 200
NOTICE: PHP message: PHP Parse error:  syntax error, unexpected 'static' (T_STATIC) in /var/www/app/vendor/symfony/dotenv/Dotenv.php on line 52
NOTICE: PHP message: Xdebug could not open the remote debug file '/var/log/xdebug.log'.
172.23.0.3 -  02/Jun/2022:16:19:51 +0000 "GET /index.php" 200
NOTICE: PHP message: PHP Parse error:  syntax error, unexpected 'static' (T_STATIC) in /var/www/app/vendor/symfony/dotenv/Dotenv.php on line 52
NOTICE: PHP message: Xdebug could not open the remote debug file '/var/log/xdebug.log'.
NOTICE: PHP message: PHP Parse error:  syntax error, unexpected 'static' (T_STATIC) in /var/www/app/vendor/symfony/dotenv/Dotenv.php on line 52
172.23.0.3 -  02/Jun/2022:16:38:18 +0000 "GET /index.php" 200
NOTICE: PHP message: Xdebug could not open the remote debug file '/var/log/xdebug.log'.
NOTICE: PHP message: PHP Parse error:  syntax error, unexpected 'static' (T_STATIC) in /var/www/app/vendor/symfony/dotenv/Dotenv.php on line 52
172.23.0.3 -  02/Jun/2022:16:38:18 +0000 "GET /index.php" 200
NOTICE: PHP message: Xdebug could not open the remote debug file '/var/log/xdebug.log'.
172.23.0.3 -  02/Jun/2022:16:38:19 +0000 "GET /index.php" 200
NOTICE: PHP message: PHP Parse error:  syntax error, unexpected 'static' (T_STATIC) in /var/www/app/vendor/symfony/dotenv/Dotenv.php on line 52
[02-Jun-2022 16:42:24] NOTICE: Terminating ...
[02-Jun-2022 16:42:24] NOTICE: exiting, bye-bye!
[02-Jun-2022 17:25:11] NOTICE: fpm is running, pid 8
[02-Jun-2022 17:25:11] NOTICE: ready to handle connections
NOTICE: PHP message: Xdebug could not open the remote debug file '/var/log/xdebug.log'.
172.24.0.3 -  02/Jun/2022:17:25:16 +0000 "GET /index.php" 200
NOTICE: PHP message: PHP Parse error:  syntax error, unexpected 'static' (T_STATIC) in /var/www/app/vendor/symfony/dotenv/Dotenv.php on line 52
NOTICE: PHP message: Xdebug could not open the remote debug file '/var/log/xdebug.log'.
NOTICE: PHP message: PHP Parse error:  syntax error, unexpected 'static' (T_STATIC) in /var/www/app/vendor/symfony/dotenv/Dotenv.php on line 52
172.24.0.3 -  02/Jun/2022:17:25:50 +0000 "GET /index.php" 200
NOTICE: PHP message: Xdebug could not open the remote debug file '/var/log/xdebug.log'.
NOTICE: PHP message: PHP Parse error:  syntax error, unexpected 'static' (T_STATIC) in /var/www/app/vendor/symfony/dotenv/Dotenv.php on line 52
172.24.0.3 -  02/Jun/2022:17:25:50 +0000 "GET /index.php" 200
NOTICE: PHP message: Xdebug could not open the remote debug file '/var/log/xdebug.log'.
172.24.0.3 -  02/Jun/2022:17:25:50 +0000 "GET /index.php" 200
NOTICE: PHP message: PHP Parse error:  syntax error, unexpected 'static' (T_STATIC) in /var/www/app/vendor/symfony/dotenv/Dotenv.php on line 52
[02-Jun-2022 17:28:37] NOTICE: Terminating ...
[02-Jun-2022 17:28:37] NOTICE: exiting, bye-bye!
[02-Jun-2022 17:31:26] NOTICE: fpm is running, pid 8
[02-Jun-2022 17:31:26] NOTICE: ready to handle connections
[02-Jun-2022 17:31:30] NOTICE: Terminating ...
[02-Jun-2022 17:31:30] NOTICE: exiting, bye-bye!
[02-Jun-2022 17:46:43] NOTICE: fpm is running, pid 8
[02-Jun-2022 17:46:43] NOTICE: ready to handle connections
[02-Jun-2022 17:50:01] NOTICE: Terminating ...
[02-Jun-2022 17:50:01] NOTICE: exiting, bye-bye!
[02-Jun-2022 18:02:39] NOTICE: fpm is running, pid 8
[02-Jun-2022 18:02:39] NOTICE: ready to handle connections
[02-Jun-2022 18:03:03] NOTICE: Terminating ...
[02-Jun-2022 18:03:03] NOTICE: exiting, bye-bye!
[02-Jun-2022 18:07:53] NOTICE: fpm is running, pid 8
[02-Jun-2022 18:07:53] NOTICE: ready to handle connections
[02-Jun-2022 18:09:35] NOTICE: Terminating ...
[02-Jun-2022 18:09:35] NOTICE: exiting, bye-bye!
[02-Jun-2022 18:10:02] NOTICE: fpm is running, pid 8
[02-Jun-2022 18:10:02] NOTICE: ready to handle connections
[02-Jun-2022 18:10:24] NOTICE: Terminating ...
[02-Jun-2022 18:10:24] NOTICE: exiting, bye-bye!
[02-Jun-2022 18:11:39] NOTICE: fpm is running, pid 9
[02-Jun-2022 18:11:39] NOTICE: ready to handle connections
NOTICE: PHP message: Xdebug could not open the remote debug file '/var/log/xdebug.log'.
192.168.16.2 -  02/Jun/2022:18:11:46 +0000 "GET /index.php" 200
NOTICE: PHP message: PHP Parse error:  syntax error, unexpected 'static' (T_STATIC) in /var/www/app/vendor/symfony/dotenv/Dotenv.php on line 52
NOTICE: PHP message: Xdebug could not open the remote debug file '/var/log/xdebug.log'.
NOTICE: PHP message: PHP Parse error:  syntax error, unexpected 'static' (T_STATIC) in /var/www/app/vendor/symfony/dotenv/Dotenv.php on line 52
192.168.16.2 -  02/Jun/2022:18:16:45 +0000 "GET /index.php" 200
NOTICE: PHP message: Xdebug could not open the remote debug file '/var/log/xdebug.log'.
192.168.16.2 -  02/Jun/2022:18:16:46 +0000 "GET /index.php" 200
NOTICE: PHP message: PHP Parse error:  syntax error, unexpected 'static' (T_STATIC) in /var/www/app/vendor/symfony/dotenv/Dotenv.php on line 52
NOTICE: PHP message: Xdebug could not open the remote debug file '/var/log/xdebug.log'.
192.168.16.2 -  02/Jun/2022:18:21:33 +0000 "GET /index.php" 200
NOTICE: PHP message: PHP Parse error:  syntax error, unexpected 'static' (T_STATIC) in /var/www/app/vendor/symfony/dotenv/Dotenv.php on line 52
NOTICE: PHP message: Xdebug could not open the remote debug file '/var/log/xdebug.log'.
NOTICE: PHP message: PHP Parse error:  syntax error, unexpected 'static' (T_STATIC) in /var/www/app/vendor/symfony/dotenv/Dotenv.php on line 52
192.168.16.2 -  02/Jun/2022:18:21:33 +0000 "GET /index.php" 200
NOTICE: PHP message: Xdebug could not open the remote debug file '/var/log/xdebug.log'.
NOTICE: PHP message: PHP Parse error:  syntax error, unexpected 'static' (T_STATIC) in /var/www/app/vendor/symfony/dotenv/Dotenv.php on line 52
192.168.16.2 -  02/Jun/2022:18:21:34 +0000 "GET /index.php" 200
NOTICE: PHP message: Xdebug could not open the remote debug file '/var/log/xdebug.log'.
NOTICE: PHP message: PHP Parse error:  syntax error, unexpected 'static' (T_STATIC) in /var/www/app/vendor/symfony/dotenv/Dotenv.php on line 52
192.168.16.2 -  02/Jun/2022:18:21:34 +0000 "GET /index.php" 200
NOTICE: PHP message: Xdebug could not open the remote debug file '/var/log/xdebug.log'.
192.168.16.2 -  02/Jun/2022:18:21:34 +0000 "GET /index.php" 200
NOTICE: PHP message: PHP Parse error:  syntax error, unexpected 'static' (T_STATIC) in /var/www/app/vendor/symfony/dotenv/Dotenv.php on line 52
NOTICE: PHP message: Xdebug could not open the remote debug file '/var/log/xdebug.log'.
NOTICE: PHP message: PHP Parse error:  syntax error, unexpected 'static' (T_STATIC) in /var/www/app/vendor/symfony/dotenv/Dotenv.php on line 52
192.168.16.2 -  02/Jun/2022:18:21:35 +0000 "GET /index.php" 200
NOTICE: PHP message: Xdebug could not open the remote debug file '/var/log/xdebug.log'.
NOTICE: PHP message: PHP Parse error:  syntax error, unexpected 'static' (T_STATIC) in /var/www/app/vendor/symfony/dotenv/Dotenv.php on line 52
192.168.16.2 -  02/Jun/2022:18:21:35 +0000 "GET /index.php" 200
NOTICE: PHP message: Xdebug could not open the remote debug file '/var/log/xdebug.log'.
NOTICE: PHP message: PHP Parse error:  syntax error, unexpected 'static' (T_STATIC) in /var/www/app/vendor/symfony/dotenv/Dotenv.php on line 52
192.168.16.2 -  02/Jun/2022:18:21:35 +0000 "GET /index.php" 200
NOTICE: PHP message: Xdebug could not open the remote debug file '/var/log/xdebug.log'.
NOTICE: PHP message: PHP Parse error:  syntax error, unexpected 'static' (T_STATIC) in /var/www/app/vendor/symfony/dotenv/Dotenv.php on line 52
192.168.16.2 -  02/Jun/2022:18:21:35 +0000 "GET /index.php" 200
NOTICE: PHP message: Xdebug could not open the remote debug file '/var/log/xdebug.log'.
NOTICE: PHP message: PHP Parse error:  syntax error, unexpected 'static' (T_STATIC) in /var/www/app/vendor/symfony/dotenv/Dotenv.php on line 52
192.168.16.2 -  02/Jun/2022:18:21:35 +0000 "GET /index.php" 200
NOTICE: PHP message: Xdebug could not open the remote debug file '/var/log/xdebug.log'.
192.168.16.2 -  02/Jun/2022:18:21:36 +0000 "GET /index.php" 200
NOTICE: PHP message: PHP Parse error:  syntax error, unexpected 'static' (T_STATIC) in /var/www/app/vendor/symfony/dotenv/Dotenv.php on line 52
NOTICE: PHP message: Xdebug could not open the remote debug file '/var/log/xdebug.log'.
NOTICE: PHP message: PHP Parse error:  syntax error, unexpected 'static' (T_STATIC) in /var/www/app/vendor/symfony/dotenv/Dotenv.php on line 52
192.168.16.2 -  02/Jun/2022:18:21:36 +0000 "GET /index.php" 200
NOTICE: PHP message: Xdebug could not open the remote debug file '/var/log/xdebug.log'.
192.168.16.2 -  02/Jun/2022:18:22:20 +0000 "GET /index.php" 200
NOTICE: PHP message: PHP Parse error:  syntax error, unexpected 'static' (T_STATIC) in /var/www/app/vendor/symfony/dotenv/Dotenv.php on line 52
NOTICE: PHP message: Xdebug could not open the remote debug file '/var/log/xdebug.log'.
NOTICE: PHP message: PHP Parse error:  syntax error, unexpected 'static' (T_STATIC) in /var/www/app/vendor/symfony/dotenv/Dotenv.php on line 52
192.168.16.2 -  02/Jun/2022:18:22:20 +0000 "GET /index.php" 200
[02-Jun-2022 18:22:29] NOTICE: Terminating ...
[02-Jun-2022 18:22:29] NOTICE: exiting, bye-bye!
[02-Jun-2022 18:23:03] NOTICE: fpm is running, pid 8
[02-Jun-2022 18:23:03] NOTICE: ready to handle connections
NOTICE: PHP message: Xdebug could not open the remote debug file '/var/log/xdebug.log'.
NOTICE: PHP message: PHP Parse error:  syntax error, unexpected 'static' (T_STATIC) in /var/www/app/vendor/symfony/dotenv/Dotenv.php on line 52
192.168.32.4 -  02/Jun/2022:18:23:11 +0000 "GET /index.php" 200
NOTICE: PHP message: Xdebug could not open the remote debug file '/var/log/xdebug.log'.
192.168.32.4 -  02/Jun/2022:18:23:11 +0000 "GET /index.php" 200
NOTICE: PHP message: PHP Parse error:  syntax error, unexpected 'static' (T_STATIC) in /var/www/app/vendor/symfony/dotenv/Dotenv.php on line 52
[02-Jun-2022 18:23:18] NOTICE: Terminating ...
[02-Jun-2022 18:23:18] NOTICE: exiting, bye-bye!
[02-Jun-2022 18:28:36] NOTICE: fpm is running, pid 8
[02-Jun-2022 18:28:36] NOTICE: ready to handle connections
[02-Jun-2022 18:28:38] NOTICE: Terminating ...
[02-Jun-2022 18:28:38] NOTICE: exiting, bye-bye!
[02-Jun-2022 18:57:54] NOTICE: fpm is running, pid 9
[02-Jun-2022 18:57:54] NOTICE: ready to handle connections
[02-Jun-2022 18:58:00] NOTICE: Terminating ...
[02-Jun-2022 18:58:00] NOTICE: exiting, bye-bye!
[02-Jun-2022 18:59:03] NOTICE: fpm is running, pid 8
[02-Jun-2022 18:59:03] NOTICE: ready to handle connections
[02-Jun-2022 18:59:37] NOTICE: Terminating ...
[02-Jun-2022 18:59:37] NOTICE: exiting, bye-bye!
[02-Jun-2022 21:22:02] NOTICE: fpm is running, pid 8
[02-Jun-2022 21:22:02] NOTICE: ready to handle connections
[02-Jun-2022 21:22:06] NOTICE: Terminating ...
[02-Jun-2022 21:22:06] NOTICE: exiting, bye-bye!
[02-Jun-2022 21:27:07] NOTICE: fpm is running, pid 9
[02-Jun-2022 21:27:07] NOTICE: ready to handle connections
NOTICE: PHP message: Xdebug could not open the remote debug file '/var/log/xdebug.log'.
192.168.144.3 -  02/Jun/2022:21:27:10 +0000 "GET /index.php" 200
NOTICE: PHP message: PHP Parse error:  syntax error, unexpected 'static' (T_STATIC) in /var/www/app/vendor/symfony/dotenv/Dotenv.php on line 52
NOTICE: PHP message: Xdebug could not open the remote debug file '/var/log/xdebug.log'.
NOTICE: PHP message: PHP Parse error:  syntax error, unexpected 'static' (T_STATIC) in /var/www/app/vendor/symfony/dotenv/Dotenv.php on line 52
192.168.144.3 -  02/Jun/2022:21:27:12 +0000 "GET /index.php" 200
NOTICE: PHP message: Xdebug could not open the remote debug file '/var/log/xdebug.log'.
NOTICE: PHP message: PHP Parse error:  syntax error, unexpected 'static' (T_STATIC) in /var/www/app/vendor/symfony/dotenv/Dotenv.php on line 52
192.168.144.3 -  02/Jun/2022:21:27:12 +0000 "GET /index.php" 200
NOTICE: PHP message: Xdebug could not open the remote debug file '/var/log/xdebug.log'.
192.168.144.3 -  02/Jun/2022:21:27:13 +0000 "GET /index.php" 200
NOTICE: PHP message: PHP Parse error:  syntax error, unexpected 'static' (T_STATIC) in /var/www/app/vendor/symfony/dotenv/Dotenv.php on line 52
NOTICE: PHP message: Xdebug could not open the remote debug file '/var/log/xdebug.log'.
NOTICE: PHP message: PHP Parse error:  syntax error, unexpected 'static' (T_STATIC) in /var/www/app/vendor/symfony/dotenv/Dotenv.php on line 52
192.168.144.3 -  02/Jun/2022:21:27:13 +0000 "GET /index.php" 200
NOTICE: PHP message: Xdebug could not open the remote debug file '/var/log/xdebug.log'.
192.168.144.3 -  02/Jun/2022:21:27:13 +0000 "GET /index.php" 200
NOTICE: PHP message: PHP Parse error:  syntax error, unexpected 'static' (T_STATIC) in /var/www/app/vendor/symfony/dotenv/Dotenv.php on line 52
NOTICE: PHP message: Xdebug could not open the remote debug file '/var/log/xdebug.log'.
192.168.144.3 -  02/Jun/2022:21:27:13 +0000 "GET /index.php" 200
NOTICE: PHP message: PHP Parse error:  syntax error, unexpected 'static' (T_STATIC) in /var/www/app/vendor/symfony/dotenv/Dotenv.php on line 52
NOTICE: PHP message: Xdebug could not open the remote debug file '/var/log/xdebug.log'.
192.168.144.3 -  02/Jun/2022:21:27:13 +0000 "GET /index.php" 200
NOTICE: PHP message: PHP Parse error:  syntax error, unexpected 'static' (T_STATIC) in /var/www/app/vendor/symfony/dotenv/Dotenv.php on line 52
NOTICE: PHP message: Xdebug could not open the remote debug file '/var/log/xdebug.log'.
NOTICE: PHP message: PHP Parse error:  syntax error, unexpected 'static' (T_STATIC) in /var/www/app/vendor/symfony/dotenv/Dotenv.php on line 52
192.168.144.3 -  02/Jun/2022:21:27:13 +0000 "GET /index.php" 200
NOTICE: PHP message: Xdebug could not open the remote debug file '/var/log/xdebug.log'.
NOTICE: PHP message: PHP Parse error:  syntax error, unexpected 'static' (T_STATIC) in /var/www/app/vendor/symfony/dotenv/Dotenv.php on line 52
192.168.144.3 -  02/Jun/2022:21:27:14 +0000 "GET /index.php" 200
NOTICE: PHP message: Xdebug could not open the remote debug file '/var/log/xdebug.log'.
NOTICE: PHP message: PHP Parse error:  syntax error, unexpected 'static' (T_STATIC) in /var/www/app/vendor/symfony/dotenv/Dotenv.php on line 52
192.168.144.3 -  02/Jun/2022:21:27:14 +0000 "GET /index.php" 200
NOTICE: PHP message: Xdebug could not open the remote debug file '/var/log/xdebug.log'.
NOTICE: PHP message: PHP Parse error:  syntax error, unexpected 'static' (T_STATIC) in /var/www/app/vendor/symfony/dotenv/Dotenv.php on line 52
192.168.144.3 -  02/Jun/2022:21:27:14 +0000 "GET /index.php" 200
NOTICE: PHP message: Xdebug could not open the remote debug file '/var/log/xdebug.log'.
NOTICE: PHP message: PHP Parse error:  syntax error, unexpected 'static' (T_STATIC) in /var/www/app/vendor/symfony/dotenv/Dotenv.php on line 52
192.168.144.3 -  02/Jun/2022:21:27:14 +0000 "GET /index.php" 200
NOTICE: PHP message: Xdebug could not open the remote debug file '/var/log/xdebug.log'.
NOTICE: PHP message: PHP Parse error:  syntax error, unexpected 'static' (T_STATIC) in /var/www/app/vendor/symfony/dotenv/Dotenv.php on line 52
192.168.144.3 -  02/Jun/2022:21:28:23 +0000 "GET /index.php" 200
NOTICE: PHP message: Xdebug could not open the remote debug file '/var/log/xdebug.log'.
NOTICE: PHP message: PHP Parse error:  syntax error, unexpected 'static' (T_STATIC) in /var/www/app/vendor/symfony/dotenv/Dotenv.php on line 52
192.168.144.3 -  02/Jun/2022:21:28:23 +0000 "GET /index.php" 200
NOTICE: PHP message: Xdebug could not open the remote debug file '/var/log/xdebug.log'.
192.168.144.3 -  02/Jun/2022:21:28:24 +0000 "GET /index.php" 200
NOTICE: PHP message: PHP Parse error:  syntax error, unexpected 'static' (T_STATIC) in /var/www/app/vendor/symfony/dotenv/Dotenv.php on line 52
NOTICE: PHP message: Xdebug could not open the remote debug file '/var/log/xdebug.log'.
NOTICE: PHP message: PHP Parse error:  syntax error, unexpected 'static' (T_STATIC) in /var/www/app/vendor/symfony/dotenv/Dotenv.php on line 52
192.168.144.3 -  02/Jun/2022:21:28:25 +0000 "GET /index.php" 200
NOTICE: PHP message: Xdebug could not open the remote debug file '/var/log/xdebug.log'.
NOTICE: PHP message: PHP Parse error:  syntax error, unexpected 'static' (T_STATIC) in /var/www/app/vendor/symfony/dotenv/Dotenv.php on line 52
192.168.144.3 -  02/Jun/2022:21:28:25 +0000 "GET /index.php" 200
NOTICE: PHP message: Xdebug could not open the remote debug file '/var/log/xdebug.log'.
NOTICE: PHP message: PHP Parse error:  syntax error, unexpected 'static' (T_STATIC) in /var/www/app/vendor/symfony/dotenv/Dotenv.php on line 52
192.168.144.3 -  02/Jun/2022:21:28:25 +0000 "GET /index.php" 200
NOTICE: PHP message: Xdebug could not open the remote debug file '/var/log/xdebug.log'.
NOTICE: PHP message: PHP Parse error:  syntax error, unexpected 'static' (T_STATIC) in /var/www/app/vendor/symfony/dotenv/Dotenv.php on line 52
192.168.144.3 -  02/Jun/2022:21:28:25 +0000 "GET /index.php" 200
NOTICE: PHP message: Xdebug could not open the remote debug file '/var/log/xdebug.log'.
192.168.144.3 -  02/Jun/2022:21:28:25 +0000 "GET /index.php" 200
NOTICE: PHP message: PHP Parse error:  syntax error, unexpected 'static' (T_STATIC) in /var/www/app/vendor/symfony/dotenv/Dotenv.php on line 52
NOTICE: PHP message: Xdebug could not open the remote debug file '/var/log/xdebug.log'.
NOTICE: PHP message: PHP Parse error:  syntax error, unexpected 'static' (T_STATIC) in /var/www/app/vendor/symfony/dotenv/Dotenv.php on line 52
192.168.144.3 -  02/Jun/2022:21:28:25 +0000 "GET /index.php" 200
NOTICE: PHP message: Xdebug could not open the remote debug file '/var/log/xdebug.log'.
NOTICE: PHP message: PHP Parse error:  syntax error, unexpected 'static' (T_STATIC) in /var/www/app/vendor/symfony/dotenv/Dotenv.php on line 52
192.168.144.3 -  02/Jun/2022:21:28:27 +0000 "GET /index.php" 200
NOTICE: PHP message: Xdebug could not open the remote debug file '/var/log/xdebug.log'.
NOTICE: PHP message: PHP Parse error:  syntax error, unexpected 'static' (T_STATIC) in /var/www/app/vendor/symfony/dotenv/Dotenv.php on line 52
192.168.144.3 -  02/Jun/2022:21:29:25 +0000 "GET /index.php" 200
NOTICE: PHP message: Xdebug could not open the remote debug file '/var/log/xdebug.log'.
NOTICE: PHP message: PHP Parse error:  syntax error, unexpected 'static' (T_STATIC) in /var/www/app/vendor/symfony/dotenv/Dotenv.php on line 52
192.168.144.3 -  02/Jun/2022:21:29:25 +0000 "GET /index.php" 200
NOTICE: PHP message: Xdebug could not open the remote debug file '/var/log/xdebug.log'.
NOTICE: PHP message: PHP Parse error:  syntax error, unexpected 'static' (T_STATIC) in /var/www/app/vendor/symfony/dotenv/Dotenv.php on line 52
192.168.144.3 -  02/Jun/2022:21:29:26 +0000 "GET /index.php" 200
NOTICE: PHP message: Xdebug could not open the remote debug file '/var/log/xdebug.log'.
192.168.144.3 -  02/Jun/2022:21:29:26 +0000 "GET /index.php" 200
NOTICE: PHP message: PHP Parse error:  syntax error, unexpected 'static' (T_STATIC) in /var/www/app/vendor/symfony/dotenv/Dotenv.php on line 52
NOTICE: PHP message: Xdebug could not open the remote debug file '/var/log/xdebug.log'.
NOTICE: PHP message: PHP Parse error:  syntax error, unexpected 'static' (T_STATIC) in /var/www/app/vendor/symfony/dotenv/Dotenv.php on line 52
192.168.144.3 -  02/Jun/2022:21:29:26 +0000 "GET /index.php" 200
NOTICE: PHP message: Xdebug could not open the remote debug file '/var/log/xdebug.log'.
192.168.144.3 -  02/Jun/2022:21:29:26 +0000 "GET /index.php" 200
NOTICE: PHP message: PHP Parse error:  syntax error, unexpected 'static' (T_STATIC) in /var/www/app/vendor/symfony/dotenv/Dotenv.php on line 52
NOTICE: PHP message: Xdebug could not open the remote debug file '/var/log/xdebug.log'.
NOTICE: PHP message: PHP Parse error:  syntax error, unexpected 'static' (T_STATIC) in /var/www/app/vendor/symfony/dotenv/Dotenv.php on line 52
192.168.144.3 -  02/Jun/2022:21:30:17 +0000 "GET /index.php" 200
NOTICE: PHP message: Xdebug could not open the remote debug file '/var/log/xdebug.log'.
NOTICE: PHP message: PHP Parse error:  syntax error, unexpected 'static' (T_STATIC) in /var/www/app/vendor/symfony/dotenv/Dotenv.php on line 52
192.168.144.3 -  02/Jun/2022:21:30:18 +0000 "GET /index.php" 200
NOTICE: PHP message: Xdebug could not open the remote debug file '/var/log/xdebug.log'.
192.168.144.3 -  02/Jun/2022:21:30:18 +0000 "GET /index.php" 200
NOTICE: PHP message: PHP Parse error:  syntax error, unexpected 'static' (T_STATIC) in /var/www/app/vendor/symfony/dotenv/Dotenv.php on line 52
NOTICE: PHP message: Xdebug could not open the remote debug file '/var/log/xdebug.log'.
192.168.144.3 -  02/Jun/2022:21:30:18 +0000 "GET /index.php" 200
NOTICE: PHP message: PHP Parse error:  syntax error, unexpected 'static' (T_STATIC) in /var/www/app/vendor/symfony/dotenv/Dotenv.php on line 52
[02-Jun-2022 21:31:38] NOTICE: Terminating ...
[02-Jun-2022 21:31:38] NOTICE: exiting, bye-bye!
[02-Jun-2022 21:50:35] NOTICE: fpm is running, pid 9
[02-Jun-2022 21:50:35] NOTICE: ready to handle connections
NOTICE: PHP message: [error] Uncaught PHP Exception Symfony\Component\HttpKernel\Exception\NotFoundHttpException: "No route found for "GET http://localhost:82/"" at /var/www/app/vendor/symfony/http-kernel/EventListener/RouterListener.php line 130
192.168.160.4 -  02/Jun/2022:21:50:39 +0000 "GET /index.php" 404
[02-Jun-2022 21:52:19] NOTICE: Terminating ...
[02-Jun-2022 21:52:19] NOTICE: exiting, bye-bye!
[02-Jun-2022 22:02:46] NOTICE: fpm is running, pid 9
[02-Jun-2022 22:02:46] NOTICE: ready to handle connections
[02-Jun-2022 22:02:48] NOTICE: Terminating ...
[02-Jun-2022 22:02:48] NOTICE: exiting, bye-bye!
[02-Jun-2022 22:03:59] NOTICE: fpm is running, pid 9
[02-Jun-2022 22:03:59] NOTICE: ready to handle connections
[02-Jun-2022 22:04:01] NOTICE: Terminating ...
[02-Jun-2022 22:04:01] NOTICE: exiting, bye-bye!
[02-Jun-2022 22:05:52] NOTICE: fpm is running, pid 9
[02-Jun-2022 22:05:52] NOTICE: ready to handle connections
[02-Jun-2022 22:05:55] NOTICE: Terminating ...
[02-Jun-2022 22:05:55] NOTICE: exiting, bye-bye!
[02-Jun-2022 22:10:58] NOTICE: fpm is running, pid 9
[02-Jun-2022 22:10:58] NOTICE: ready to handle connections
[02-Jun-2022 22:11:01] NOTICE: Terminating ...
[02-Jun-2022 22:11:01] NOTICE: exiting, bye-bye!
[02-Jun-2022 22:29:01] NOTICE: fpm is running, pid 9
[02-Jun-2022 22:29:01] NOTICE: ready to handle connections
[02-Jun-2022 22:29:02] NOTICE: Terminating ...
[02-Jun-2022 22:29:02] NOTICE: exiting, bye-bye!
[02-Jun-2022 22:30:15] NOTICE: fpm is running, pid 9
[02-Jun-2022 22:30:15] NOTICE: ready to handle connections
[02-Jun-2022 22:30:16] NOTICE: Terminating ...
[02-Jun-2022 22:30:16] NOTICE: exiting, bye-bye!
[02-Jun-2022 22:30:32] NOTICE: fpm is running, pid 9
[02-Jun-2022 22:30:32] NOTICE: ready to handle connections
[02-Jun-2022 22:30:41] NOTICE: Terminating ...
[02-Jun-2022 22:30:41] NOTICE: exiting, bye-bye!
[02-Jun-2022 22:30:58] NOTICE: fpm is running, pid 9
[02-Jun-2022 22:30:58] NOTICE: ready to handle connections
NOTICE: PHP message: [error] Uncaught PHP Exception Symfony\Component\HttpKernel\Exception\NotFoundHttpException: "No route found for "GET http://localhost:82/"" at /var/www/app/vendor/symfony/http-kernel/EventListener/RouterListener.php line 130
172.24.0.4 -  02/Jun/2022:22:31:00 +0000 "GET /index.php" 404
[02-Jun-2022 22:31:35] NOTICE: Terminating ...
[02-Jun-2022 22:31:35] NOTICE: exiting, bye-bye!
[02-Jun-2022 22:31:51] NOTICE: fpm is running, pid 10
[02-Jun-2022 22:31:51] NOTICE: ready to handle connections
[02-Jun-2022 22:32:17] NOTICE: Terminating ...
[02-Jun-2022 22:32:17] NOTICE: exiting, bye-bye!
[02-Jun-2022 22:32:33] NOTICE: fpm is running, pid 10
[02-Jun-2022 22:32:34] NOTICE: ready to handle connections
[02-Jun-2022 22:32:48] NOTICE: Terminating ...
[02-Jun-2022 22:32:48] NOTICE: exiting, bye-bye!
[04-Jun-2022 05:07:29] NOTICE: fpm is running, pid 9
[04-Jun-2022 05:07:29] NOTICE: ready to handle connections
[04-Jun-2022 05:09:27] NOTICE: Terminating ...
[04-Jun-2022 05:09:27] NOTICE: exiting, bye-bye!
